C51 COMPILER V9.60.0.0   MAIN                                                              10/11/2022 20:48:05 PAGE 1   


C51 COMPILER V9.60.0.0, COMPILATION OF MODULE MAIN
OBJECT MODULE PLACED IN .\Objects\main.obj
COMPILER INVOKED BY: C:\Keil_v5\C51\BIN\C51.EXE main.c OPTIMIZE(8,SPEED) BROWSE DEBUG OBJECTEXTEND PRINT(.\Listings\main
                    -.lst) OBJECT(.\Objects\main.obj)

line level    source

   1          #include <REGX52.H>
   2          #include"Delay.h"
   3          #include"Nixie.h"
*** WARNING C315 IN LINE 6 OF Nixie.h: unknown #directive 'enif'
   4          
   5          void main()
   6          {
   7   1              while(1)
   8   1              {
   9   2                      Nixie(1,1);
  10   2                      Nixie(2,2);
  11   2                      Nixie(3,3);
  12   2                      Nixie(4,4);     
  13   2                      Nixie(5,5);     
  14   2                      Nixie(6,6);
  15   2                      Nixie(7,7);
  16   2                      Nixie(8,8);
  17   2              }
  18   1      
  19   1      }
*** WARNING C316 IN LINE 19 OF main.c: unterminated conditionals


MODULE INFORMATION:   STATIC OVERLAYABLE
   CODE SIZE        =     74    ----
   CONSTANT SIZE    =   ----    ----
   XDATA SIZE       =   ----    ----
   PDATA SIZE       =   ----    ----
   DATA SIZE        =   ----    ----
   IDATA SIZE       =   ----    ----
   BIT SIZE         =   ----    ----
END OF MODULE INFORMATION.


C51 COMPILATION COMPLETE.  2 WARNING(S),  0 ERROR(S)
