C51 COMPILER V9.60.0.0   MAIN                                                              10/12/2022 22:43:41 PAGE 1   


C51 COMPILER V9.60.0.0, COMPILATION OF MODULE MAIN
OBJECT MODULE PLACED IN .\Objects\main.obj
COMPILER INVOKED BY: C:\Keil_v5\C51\BIN\C51.EXE main.c OPTIMIZE(8,SPEED) BROWSE DEBUG OBJECTEXTEND PRINT(.\Listings\main
                    -.lst) OBJECT(.\Objects\main.obj)

line level    source

   1          #include <REGX52.H>
   2          #include <LCD1602.h>
   3          #include <Delay.h>
   4          
   5          int Result=0;
   6          
   7          void main()
   8          {
   9   1              LCD_Init();
  10   1      //      LCD_ShowChar(1,1,'A');//1行1列+字符
  11   1      //      LCD_ShowString(1,3,"Hello");//1行3列+字符串
  12   1      //      LCD_ShowNum(1,9,123,3);//1行9列+数字+数字位数（长度）
  13   1      //      LCD_ShowSignedNum(1,13,-456,3);//有符号的数字
  14   1      //      LCD_ShowHexNum(2,1,0xA8,2);
  15   1      //      LCD_ShowBinNum(2,4,0xAA,8);//只能写成十六进制的数字，不能写成1010
  16   1              
  17   1              while(1)
  18   1              {
  19   2                      Result++;
  20   2                      Delay(1000);
  21   2                      LCD_ShowNum(1,2,Result,3);
  22   2              }
  23   1      }


MODULE INFORMATION:   STATIC OVERLAYABLE
   CODE SIZE        =     34    ----
   CONSTANT SIZE    =   ----    ----
   XDATA SIZE       =   ----    ----
   PDATA SIZE       =   ----    ----
   DATA SIZE        =      2    ----
   IDATA SIZE       =   ----    ----
   BIT SIZE         =   ----    ----
END OF MODULE INFORMATION.


C51 COMPILATION COMPLETE.  0 WARNING(S),  0 ERROR(S)
