C51 COMPILER V9.60.0.0   MAIN                                                              10/14/2022 14:18:31 PAGE 1   


C51 COMPILER V9.60.0.0, COMPILATION OF MODULE MAIN
OBJECT MODULE PLACED IN .\Objects\main.obj
COMPILER INVOKED BY: C:\Keil_v5\C51\BIN\C51.EXE main.c OPTIMIZE(8,SPEED) BROWSE DEBUG OBJECTEXTEND PRINT(.\Listings\main
                    -.lst) OBJECT(.\Objects\main.obj)

line level    source

   1          #include <REGX52.H>
   2          #include "Delay.h"
   3          #include "LCD1602.h"
   4          #include "MatrixKey.h"
   5          
   6          unsigned char KeyNum;
   7          unsigned int Password,Count;//全局变量如果不赋值，就初始为0.
   8          void main()
   9          {
  10   1              LCD_Init();
  11   1              LCD_ShowString(1,1,"Password:");
  12   1              while(1)
  13   1              {
  14   2                      KeyNum=MatrixKey();
  15   2                      if(KeyNum)
  16   2                      {
  17   3                              if(KeyNum<=10)//如果s1~s10的按键被按下，输入密码
  18   3                              {
  19   4                                      if(Count<4)//只输入4位密码
  20   4                                      {
  21   5                                              Password*=10;//密码左移一位
  22   5                                              Password+=KeyNum%10;//取余数，只获取一位密码，（10余后为0）
  23   5                                              Count++;
  24   5                                      }
  25   4                                      LCD_ShowNum(2,1,Password,4);//更新显示
  26   4                              }                       
  27   3      
  28   3                              if(KeyNum==11) //按下11键，确认
  29   3                              {
  30   4                                      if(Password==2345)
  31   4                                      {
  32   5                                              LCD_ShowString(1,14,"OK");
  33   5                                              Password=0;//密码清零
  34   5                                              Count=0;//计次清零
  35   5                                              LCD_ShowNum(2,1,Password,4);//更新显示
  36   5                                      }
  37   4                                      else
  38   4                                      {
  39   5                                              LCD_ShowString(1,14,"ERR");
  40   5                                              Password=0;//密码清零
  41   5                                              Count=0;//计次清零
  42   5                                              LCD_ShowNum(2,1,Password,4);//更新显示                                      
  43   5                                      }
  44   4                              }
  45   3                              if(KeyNum==12)//如果按下12键，就取消
  46   3                              {
  47   4                                              Password=0;//密码清零
  48   4                                              Count=0;//计次清零
  49   4                                              LCD_ShowNum(2,1,Password,4);//更新显示                              
  50   4                              }
  51   3                      }
  52   2              }
  53   1      }

C51 COMPILER V9.60.0.0   MAIN                                                              10/14/2022 14:18:31 PAGE 2   


MODULE INFORMATION:   STATIC OVERLAYABLE
   CODE SIZE        =    193    ----
   CONSTANT SIZE    =     17    ----
   XDATA SIZE       =   ----    ----
   PDATA SIZE       =   ----    ----
   DATA SIZE        =      5    ----
   IDATA SIZE       =   ----    ----
   BIT SIZE         =   ----    ----
END OF MODULE INFORMATION.


C51 COMPILATION COMPLETE.  0 WARNING(S),  0 ERROR(S)
