C51 COMPILER V9.60.0.0   MAIN                                                              10/07/2022 16:17:20 PAGE 1   


C51 COMPILER V9.60.0.0, COMPILATION OF MODULE MAIN
OBJECT MODULE PLACED IN .\Objects\main.obj
COMPILER INVOKED BY: C:\Keil_v5\C51\BIN\C51.EXE main.c OPTIMIZE(8,SPEED) BROWSE DEBUG OBJECTEXTEND PRINT(.\Listings\main
                    -.lst) TABS(2) OBJECT(.\Objects\main.obj)

line level    source

   1          #include <REGX52.H>
   2          #include <INTRINS.H>
   3          
   4          void Delay1000ms()    //@12.000MHz
   5          {
   6   1        unsigned char i, j, k;
   7   1      
   8   1        _nop_();
   9   1        i = 8;
  10   1        j = 154;
  11   1        k = 122;
  12   1        do
  13   1        {
  14   2          do
  15   2          {
  16   3            while (--k);
  17   3          } while (--j);
  18   2        } while (--i);
  19   1      }
  20          
  21          
  22          void main()
  23          {
  24   1        while(1)
  25   1        {
  26   2          P2=0xFE;
  27   2          Delay1000ms();  
  28   2          P2=0xFD;
  29   2          Delay1000ms();
  30   2          P2=0xFB;
  31   2          Delay1000ms();
  32   2          P2=0xF7;
  33   2          Delay1000ms();
  34   2          P2=0xEF;
  35   2          Delay1000ms();
  36   2          P2=0xDF;
  37   2          Delay1000ms();
  38   2          P2=0xBF;
  39   2          Delay1000ms();
  40   2          P2=0x7F;
  41   2          Delay1000ms();
  42   2          P2=0x55;
  43   2          Delay1000ms();
  44   2          P2=0xFF;
  45   2          Delay1000ms();
  46   2      
  47   2        }
  48   1      }


MODULE INFORMATION:   STATIC OVERLAYABLE
   CODE SIZE        =     76    ----
   CONSTANT SIZE    =   ----    ----
   XDATA SIZE       =   ----    ----
C51 COMPILER V9.60.0.0   MAIN                                                              10/07/2022 16:17:20 PAGE 2   

   PDATA SIZE       =   ----    ----
   DATA SIZE        =   ----    ----
   IDATA SIZE       =   ----    ----
   BIT SIZE         =   ----    ----
END OF MODULE INFORMATION.


C51 COMPILATION COMPLETE.  0 WARNING(S),  0 ERROR(S)
