C51 COMPILER V9.60.0.0   MAIN                                                              10/08/2022 20:00:35 PAGE 1   


C51 COMPILER V9.60.0.0, COMPILATION OF MODULE MAIN
OBJECT MODULE PLACED IN .\Objects\main.obj
COMPILER INVOKED BY: C:\Keil_v5\C51\BIN\C51.EXE main.c OPTIMIZE(8,SPEED) BROWSE DEBUG OBJECTEXTEND PRINT(.\Listings\main
                    -.lst) OBJECT(.\Objects\main.obj)

line level    source

   1          #include <REGX52.H>
   2          void Delay(unsigned int xms);
   3          unsigned char LEDnum;
   4          void main()
   5          {
   6   1              P2=~0x01;
   7   1              while(1)
   8   1              {
   9   2                      
  10   2                      if(P3_1==0)
  11   2                      {
  12   3                              Delay(20);
  13   3                              while(P3_1==0);
  14   3                              Delay(20);
  15   3                              
  16   3                              LEDnum++;
  17   3                              if(LEDnum==8)
  18   3                              {
  19   4                                      LEDnum=0;       
  20   4                              }
  21   3                              P2=~(0x01<<LEDnum);
  22   3                      }
  23   2                      if(P3_0==0)
  24   2                      {
  25   3                              Delay(20);
  26   3                              while(P3_0==0);
  27   3                              Delay(20);
  28   3                              
  29   3                              if(LEDnum==0)
  30   3                              {       
  31   4                                      LEDnum=7;
  32   4                              }
  33   3                              else
  34   3                              {
  35   4                                      LEDnum--;
  36   4                              }
  37   3                              P2=~(0x01<<LEDnum);
  38   3                      }
  39   2      
  40   2              }
  41   1      }
  42          
  43          void Delay(unsigned int xms)            //@12.000MHz
  44          {
  45   1              unsigned char i, j;
  46   1              while(xms--)
  47   1              {
  48   2              i = 12;
  49   2              j = 169;
  50   2              do
  51   2              {
  52   3                      while (--j);
  53   3              } while (--i);
  54   2              }
C51 COMPILER V9.60.0.0   MAIN                                                              10/08/2022 20:00:35 PAGE 2   

  55   1      }
  56          
  57          


MODULE INFORMATION:   STATIC OVERLAYABLE
   CODE SIZE        =    107    ----
   CONSTANT SIZE    =   ----    ----
   XDATA SIZE       =   ----    ----
   PDATA SIZE       =   ----    ----
   DATA SIZE        =      1    ----
   IDATA SIZE       =   ----    ----
   BIT SIZE         =   ----    ----
END OF MODULE INFORMATION.


C51 COMPILATION COMPLETE.  0 WARNING(S),  0 ERROR(S)
