C51 COMPILER V9.60.0.0   MAIN                                                              10/07/2022 17:56:10 PAGE 1   


C51 COMPILER V9.60.0.0, COMPILATION OF MODULE MAIN
OBJECT MODULE PLACED IN .\Objects\main.obj
COMPILER INVOKED BY: C:\Keil_v5\C51\BIN\C51.EXE main.c OPTIMIZE(8,SPEED) BROWSE DEBUG OBJECTEXTEND PRINT(.\Listings\main
                    -.lst) TABS(2) OBJECT(.\Objects\main.obj)

line level    source

   1          #include <REGX52.H>
   2          #include <INTRINS.H>
   3          
   4          void Delay1ms(unsigned int xms)   //@12.000MHz
   5          {
   6   1        unsigned char i, j;
   7   1        while(xms)
   8   1        {
   9   2        i = 2;
  10   2        j = 239;
  11   2        do
  12   2        {
  13   3          while (--j);
  14   3        } while (--i);
  15   2        xms--;
  16   2        }
  17   1      }
  18          
  19          void main()
  20          {
  21   1        while(1)
  22   1        {
  23   2          P2=0xFE;
  24   2          Delay1ms(1000); 
  25   2          P2=0xFD;
  26   2          Delay1ms(1000);
  27   2          P2=0xFB;
  28   2          Delay1ms(500);
  29   2          P2=0xF7;
  30   2          Delay1ms(500);
  31   2          P2=0xEF;
  32   2          Delay1ms(100);
  33   2          P2=0xDF;
  34   2          Delay1ms(100);
  35   2          P2=0xBF;
  36   2          Delay1ms(100);
  37   2          P2=0x7F;
  38   2          Delay1ms(100);
  39   2          P2=0x55;
  40   2          Delay1ms(500);
  41   2          P2=0xFF;
  42   2          Delay1ms(100);
  43   2      
  44   2        }
  45   1      }
  46          


MODULE INFORMATION:   STATIC OVERLAYABLE
   CODE SIZE        =    106    ----
   CONSTANT SIZE    =   ----    ----
   XDATA SIZE       =   ----    ----
   PDATA SIZE       =   ----    ----
   DATA SIZE        =   ----    ----
C51 COMPILER V9.60.0.0   MAIN                                                              10/07/2022 17:56:10 PAGE 2   

   IDATA SIZE       =   ----    ----
   BIT SIZE         =   ----    ----
END OF MODULE INFORMATION.


C51 COMPILATION COMPLETE.  0 WARNING(S),  0 ERROR(S)
