C51 COMPILER V9.60.0.0   MAIN                                                              10/11/2022 20:46:04 PAGE 1   


C51 COMPILER V9.60.0.0, COMPILATION OF MODULE MAIN
OBJECT MODULE PLACED IN .\Objects\main.obj
COMPILER INVOKED BY: C:\Keil_v5\C51\BIN\C51.EXE main.c OPTIMIZE(8,SPEED) BROWSE DEBUG OBJECTEXTEND PRINT(.\Listings\main
                    -.lst) OBJECT(.\Objects\main.obj)

line level    source

   1          #include <REGX52.H>
   2          
   3          unsigned char Nixietable[]={0x3F,0x06,0x5B,0x4F,0x66,0x6D,0x7D,0x07,0x7F,0x6F};
   4          
   5          void Delay(unsigned int xms)            
   6          {
   7   1              unsigned char i, j;
   8   1              while(xms--)
   9   1              {
  10   2              i = 2;
  11   2              j = 239;
  12   2              do
  13   2              {
  14   3                      while (--j);
  15   3              } while (--i);
  16   2              }
  17   1      }
  18          
  19          
  20          void Nixie(unsigned char Location,Number)
  21          {
  22   1              switch(Location)
  23   1              {
  24   2                      case 1:P2_4=1;P2_3=1;P2_2=1;break;
  25   2                      case 2:P2_4=1;P2_3=1;P2_2=0;break;
  26   2                      case 3:P2_4=1;P2_3=0;P2_2=1;break;
  27   2                      case 4:P2_4=1;P2_3=0;P2_2=0;break;
  28   2                      case 5:P2_4=0;P2_3=1;P2_2=1;break;
  29   2                      case 6:P2_4=0;P2_3=1;P2_2=0;break;
  30   2                      case 7:P2_4=0;P2_3=0;P2_2=1;break;
  31   2                      case 8:P2_4=0;P2_3=0;P2_2=0;break;
  32   2              }
  33   1              P0=Nixietable[Number];
  34   1              Delay(1);//延迟1秒
  35   1              P0=0x00;//屏幕清零
  36   1      }
  37          void main()
  38          {
  39   1              while(1)
  40   1              {       
  41   2                      Nixie(1,1);
  42   2                      //Delay(1000);
  43   2                      Nixie(2,2);
  44   2                      //Delay(1000);
  45   2                      Nixie(3,3);
  46   2                      //Delay(1000);
  47   2                      Nixie(4,4);     
  48   2                      //Delay(1000);
  49   2                      Nixie(5,5);     
  50   2                      //Delay(1000);
  51   2                      Nixie(6,6);
  52   2                      //Delay(1000);
  53   2                      Nixie(7,7);
  54   2                      //Delay(1000);
C51 COMPILER V9.60.0.0   MAIN                                                              10/11/2022 20:46:04 PAGE 2   

  55   2                      Nixie(8,8);
  56   2              }
  57   1      }


MODULE INFORMATION:   STATIC OVERLAYABLE
   CODE SIZE        =    204    ----
   CONSTANT SIZE    =   ----    ----
   XDATA SIZE       =   ----    ----
   PDATA SIZE       =   ----    ----
   DATA SIZE        =     10    ----
   IDATA SIZE       =   ----    ----
   BIT SIZE         =   ----    ----
END OF MODULE INFORMATION.


C51 COMPILATION COMPLETE.  0 WARNING(S),  0 ERROR(S)
